cpu-bind=MASK - n2cn0815, task  0  0 [1971298]: mask |BBBBBBBB|BBBBBBBB||BBBBBBBB|BBBBBBBB||BBBBBBBB|BBBBBBBB||BBBBBBBB|BBBBBBBB||||BBBBBBBB|BBBBBBBB||BBBBBBBB|BBBBBBBB||BBBBBBBB|BBBBBBBB||BBBBBBBB|BBBBBBBB|  set
mpi/OpenMPI/4.1.4-GCC-11.3.0
Running "module reset". Resetting modules to system default. The following $MODULEPATH directories have been removed: None
┌ Info: MPI implementation identified
│   libmpi = "libmpi"
│   version_string = "Open MPI v4.1.4, package: Open MPI mschwar2@n2login1 Distribution, ident: 4.1.4, repo rev: v4.1.4, May 26, 2022\0"
│   impl = "OpenMPI"
│   version = v"4.1.4"
└   abi = "OpenMPI"
┌ Info: MPIPreferences unchanged
│   binary = "system"
│   libmpi = "libmpi"
│   abi = "OpenMPI"
└   mpiexec = "mpiexec"
OpenMPI
4.1.4
[n2cn0815:1971646] MCW rank 4 bound to socket 1[core 64[hwt 0]], socket 1[core 65[hwt 0]], socket 1[core 66[hwt 0]], socket 1[core 67[hwt 0]], socket 1[core 68[hwt 0]], socket 1[core 69[hwt 0]], socket 1[core 70[hwt 0]], socket 1[core 71[hwt 0]], socket 1[core 72[hwt 0]], socket 1[core 73[hwt 0]], socket 1[core 74[hwt 0]], socket 1[core 75[hwt 0]], socket 1[core 76[hwt 0]], socket 1[core 77[hwt 0]], socket 1[core 78[hwt 0]], socket 1[core 79[hwt 0]]: [./././././././././././././././././././././././././././././././././././././././././././././././././././././././././././././././.][B/B/B/B/B/B/B/B/B/B/B/B/B/B/B/B/./././././././././././././././././././././././././././././././././././././././././././././././.]
[n2cn0815:1971646] MCW rank 5 bound to socket 1[core 80[hwt 0]], socket 1[core 81[hwt 0]], socket 1[core 82[hwt 0]], socket 1[core 83[hwt 0]], socket 1[core 84[hwt 0]], socket 1[core 85[hwt 0]], socket 1[core 86[hwt 0]], socket 1[core 87[hwt 0]], socket 1[core 88[hwt 0]], socket 1[core 89[hwt 0]], socket 1[core 90[hwt 0]], socket 1[core 91[hwt 0]], socket 1[core 92[hwt 0]], socket 1[core 93[hwt 0]], socket 1[core 94[hwt 0]], socket 1[core 95[hwt 0]]: [./././././././././././././././././././././././././././././././././././././././././././././././././././././././././././././././.][././././././././././././././././B/B/B/B/B/B/B/B/B/B/B/B/B/B/B/B/./././././././././././././././././././././././././././././././.]
[n2cn0815:1971646] MCW rank 6 bound to socket 1[core 96[hwt 0]], socket 1[core 97[hwt 0]], socket 1[core 98[hwt 0]], socket 1[core 99[hwt 0]], socket 1[core 100[hwt 0]], socket 1[core 101[hwt 0]], socket 1[core 102[hwt 0]], socket 1[core 103[hwt 0]], socket 1[core 104[hwt 0]], socket 1[core 105[hwt 0]], socket 1[core 106[hwt 0]], socket 1[core 107[hwt 0]], socket 1[core 108[hwt 0]], socket 1[core 109[hwt 0]], socket 1[core 110[hwt 0]], socket 1[core 111[hwt 0]]: [./././././././././././././././././././././././././././././././././././././././././././././././././././././././././././././././.][././././././././././././././././././././././././././././././././B/B/B/B/B/B/B/B/B/B/B/B/B/B/B/B/./././././././././././././././.]
[n2cn0815:1971646] MCW rank 7 bound to socket 1[core 112[hwt 0]], socket 1[core 113[hwt 0]], socket 1[core 114[hwt 0]], socket 1[core 115[hwt 0]], socket 1[core 116[hwt 0]], socket 1[core 117[hwt 0]], socket 1[core 118[hwt 0]], socket 1[core 119[hwt 0]], socket 1[core 120[hwt 0]], socket 1[core 121[hwt 0]], socket 1[core 122[hwt 0]], socket 1[core 123[hwt 0]], socket 1[core 124[hwt 0]], socket 1[core 125[hwt 0]], socket 1[core 126[hwt 0]], socket 1[core 127[hwt 0]]: [./././././././././././././././././././././././././././././././././././././././././././././././././././././././././././././././.][././././././././././././././././././././././././././././././././././././././././././././././././B/B/B/B/B/B/B/B/B/B/B/B/B/B/B/B]
[n2cn0815:1971646] MCW rank 0 bound to socket 0[core 0[hwt 0]], socket 0[core 1[hwt 0]], socket 0[core 2[hwt 0]], socket 0[core 3[hwt 0]], socket 0[core 4[hwt 0]], socket 0[core 5[hwt 0]], socket 0[core 6[hwt 0]], socket 0[core 7[hwt 0]], socket 0[core 8[hwt 0]], socket 0[core 9[hwt 0]], socket 0[core 10[hwt 0]], socket 0[core 11[hwt 0]], socket 0[core 12[hwt 0]], socket 0[core 13[hwt 0]], socket 0[core 14[hwt 0]], socket 0[core 15[hwt 0]]: [B/B/B/B/B/B/B/B/B/B/B/B/B/B/B/B/./././././././././././././././././././././././././././././././././././././././././././././././.][./././././././././././././././././././././././././././././././././././././././././././././././././././././././././././././././.]
[n2cn0815:1971646] MCW rank 1 bound to socket 0[core 16[hwt 0]], socket 0[core 17[hwt 0]], socket 0[core 18[hwt 0]], socket 0[core 19[hwt 0]], socket 0[core 20[hwt 0]], socket 0[core 21[hwt 0]], socket 0[core 22[hwt 0]], socket 0[core 23[hwt 0]], socket 0[core 24[hwt 0]], socket 0[core 25[hwt 0]], socket 0[core 26[hwt 0]], socket 0[core 27[hwt 0]], socket 0[core 28[hwt 0]], socket 0[core 29[hwt 0]], socket 0[core 30[hwt 0]], socket 0[core 31[hwt 0]]: [././././././././././././././././B/B/B/B/B/B/B/B/B/B/B/B/B/B/B/B/./././././././././././././././././././././././././././././././.][./././././././././././././././././././././././././././././././././././././././././././././././././././././././././././././././.]
[n2cn0815:1971646] MCW rank 2 bound to socket 0[core 32[hwt 0]], socket 0[core 33[hwt 0]], socket 0[core 34[hwt 0]], socket 0[core 35[hwt 0]], socket 0[core 36[hwt 0]], socket 0[core 37[hwt 0]], socket 0[core 38[hwt 0]], socket 0[core 39[hwt 0]], socket 0[core 40[hwt 0]], socket 0[core 41[hwt 0]], socket 0[core 42[hwt 0]], socket 0[core 43[hwt 0]], socket 0[core 44[hwt 0]], socket 0[core 45[hwt 0]], socket 0[core 46[hwt 0]], socket 0[core 47[hwt 0]]: [././././././././././././././././././././././././././././././././B/B/B/B/B/B/B/B/B/B/B/B/B/B/B/B/./././././././././././././././.][./././././././././././././././././././././././././././././././././././././././././././././././././././././././././././././././.]
[n2cn0815:1971646] MCW rank 3 bound to socket 0[core 48[hwt 0]], socket 0[core 49[hwt 0]], socket 0[core 50[hwt 0]], socket 0[core 51[hwt 0]], socket 0[core 52[hwt 0]], socket 0[core 53[hwt 0]], socket 0[core 54[hwt 0]], socket 0[core 55[hwt 0]], socket 0[core 56[hwt 0]], socket 0[core 57[hwt 0]], socket 0[core 58[hwt 0]], socket 0[core 59[hwt 0]], socket 0[core 60[hwt 0]], socket 0[core 61[hwt 0]], socket 0[core 62[hwt 0]], socket 0[core 63[hwt 0]]: [././././././././././././././././././././././././././././././././././././././././././././././././B/B/B/B/B/B/B/B/B/B/B/B/B/B/B/B][./././././././././././././././././././././././././././././././././././././././././././././././././././././././././././././././.]
[n2cn0816:2239190] MCW rank 9 bound to socket 0[core 16[hwt 0]], socket 0[core 17[hwt 0]], socket 0[core 18[hwt 0]], socket 0[core 19[hwt 0]], socket 0[core 20[hwt 0]], socket 0[core 21[hwt 0]], socket 0[core 22[hwt 0]], socket 0[core 23[hwt 0]], socket 0[core 24[hwt 0]], socket 0[core 25[hwt 0]], socket 0[core 26[hwt 0]], socket 0[core 27[hwt 0]], socket 0[core 28[hwt 0]], socket 0[core 29[hwt 0]], socket 0[core 30[hwt 0]], socket 0[core 31[hwt 0]]: [././././././././././././././././B/B/B/B/B/B/B/B/B/B/B/B/B/B/B/B/./././././././././././././././././././././././././././././././.][./././././././././././././././././././././././././././././././././././././././././././././././././././././././././././././././.]
[n2cn0816:2239190] MCW rank 10 bound to socket 0[core 32[hwt 0]], socket 0[core 33[hwt 0]], socket 0[core 34[hwt 0]], socket 0[core 35[hwt 0]], socket 0[core 36[hwt 0]], socket 0[core 37[hwt 0]], socket 0[core 38[hwt 0]], socket 0[core 39[hwt 0]], socket 0[core 40[hwt 0]], socket 0[core 41[hwt 0]], socket 0[core 42[hwt 0]], socket 0[core 43[hwt 0]], socket 0[core 44[hwt 0]], socket 0[core 45[hwt 0]], socket 0[core 46[hwt 0]], socket 0[core 47[hwt 0]]: [././././././././././././././././././././././././././././././././B/B/B/B/B/B/B/B/B/B/B/B/B/B/B/B/./././././././././././././././.][./././././././././././././././././././././././././././././././././././././././././././././././././././././././././././././././.]
[n2cn0816:2239190] MCW rank 11 bound to socket 0[core 48[hwt 0]], socket 0[core 49[hwt 0]], socket 0[core 50[hwt 0]], socket 0[core 51[hwt 0]], socket 0[core 52[hwt 0]], socket 0[core 53[hwt 0]], socket 0[core 54[hwt 0]], socket 0[core 55[hwt 0]], socket 0[core 56[hwt 0]], socket 0[core 57[hwt 0]], socket 0[core 58[hwt 0]], socket 0[core 59[hwt 0]], socket 0[core 60[hwt 0]], socket 0[core 61[hwt 0]], socket 0[core 62[hwt 0]], socket 0[core 63[hwt 0]]: [././././././././././././././././././././././././././././././././././././././././././././././././B/B/B/B/B/B/B/B/B/B/B/B/B/B/B/B][./././././././././././././././././././././././././././././././././././././././././././././././././././././././././././././././.]
[n2cn0816:2239190] MCW rank 12 bound to socket 1[core 64[hwt 0]], socket 1[core 65[hwt 0]], socket 1[core 66[hwt 0]], socket 1[core 67[hwt 0]], socket 1[core 68[hwt 0]], socket 1[core 69[hwt 0]], socket 1[core 70[hwt 0]], socket 1[core 71[hwt 0]], socket 1[core 72[hwt 0]], socket 1[core 73[hwt 0]], socket 1[core 74[hwt 0]], socket 1[core 75[hwt 0]], socket 1[core 76[hwt 0]], socket 1[core 77[hwt 0]], socket 1[core 78[hwt 0]], socket 1[core 79[hwt 0]]: [./././././././././././././././././././././././././././././././././././././././././././././././././././././././././././././././.][B/B/B/B/B/B/B/B/B/B/B/B/B/B/B/B/./././././././././././././././././././././././././././././././././././././././././././././././.]
[n2cn0816:2239190] MCW rank 13 bound to socket 1[core 80[hwt 0]], socket 1[core 81[hwt 0]], socket 1[core 82[hwt 0]], socket 1[core 83[hwt 0]], socket 1[core 84[hwt 0]], socket 1[core 85[hwt 0]], socket 1[core 86[hwt 0]], socket 1[core 87[hwt 0]], socket 1[core 88[hwt 0]], socket 1[core 89[hwt 0]], socket 1[core 90[hwt 0]], socket 1[core 91[hwt 0]], socket 1[core 92[hwt 0]], socket 1[core 93[hwt 0]], socket 1[core 94[hwt 0]], socket 1[core 95[hwt 0]]: [./././././././././././././././././././././././././././././././././././././././././././././././././././././././././././././././.][././././././././././././././././B/B/B/B/B/B/B/B/B/B/B/B/B/B/B/B/./././././././././././././././././././././././././././././././.]
[n2cn0816:2239190] MCW rank 14 bound to socket 1[core 96[hwt 0]], socket 1[core 97[hwt 0]], socket 1[core 98[hwt 0]], socket 1[core 99[hwt 0]], socket 1[core 100[hwt 0]], socket 1[core 101[hwt 0]], socket 1[core 102[hwt 0]], socket 1[core 103[hwt 0]], socket 1[core 104[hwt 0]], socket 1[core 105[hwt 0]], socket 1[core 106[hwt 0]], socket 1[core 107[hwt 0]], socket 1[core 108[hwt 0]], socket 1[core 109[hwt 0]], socket 1[core 110[hwt 0]], socket 1[core 111[hwt 0]]: [./././././././././././././././././././././././././././././././././././././././././././././././././././././././././././././././.][././././././././././././././././././././././././././././././././B/B/B/B/B/B/B/B/B/B/B/B/B/B/B/B/./././././././././././././././.]
[n2cn0816:2239190] MCW rank 15 bound to socket 1[core 112[hwt 0]], socket 1[core 113[hwt 0]], socket 1[core 114[hwt 0]], socket 1[core 115[hwt 0]], socket 1[core 116[hwt 0]], socket 1[core 117[hwt 0]], socket 1[core 118[hwt 0]], socket 1[core 119[hwt 0]], socket 1[core 120[hwt 0]], socket 1[core 121[hwt 0]], socket 1[core 122[hwt 0]], socket 1[core 123[hwt 0]], socket 1[core 124[hwt 0]], socket 1[core 125[hwt 0]], socket 1[core 126[hwt 0]], socket 1[core 127[hwt 0]]: [./././././././././././././././././././././././././././././././././././././././././././././././././././././././././././././././.][././././././././././././././././././././././././././././././././././././././././././././././././B/B/B/B/B/B/B/B/B/B/B/B/B/B/B/B]
[n2cn0816:2239190] MCW rank 8 bound to socket 0[core 0[hwt 0]], socket 0[core 1[hwt 0]], socket 0[core 2[hwt 0]], socket 0[core 3[hwt 0]], socket 0[core 4[hwt 0]], socket 0[core 5[hwt 0]], socket 0[core 6[hwt 0]], socket 0[core 7[hwt 0]], socket 0[core 8[hwt 0]], socket 0[core 9[hwt 0]], socket 0[core 10[hwt 0]], socket 0[core 11[hwt 0]], socket 0[core 12[hwt 0]], socket 0[core 13[hwt 0]], socket 0[core 14[hwt 0]], socket 0[core 15[hwt 0]]: [B/B/B/B/B/B/B/B/B/B/B/B/B/B/B/B/./././././././././././././././././././././././././././././././././././././././././././././././.][./././././././././././././././././././././././././././././././././././././././././././././././././././././././././././././././.]
[n2cn0815:1971658] mca_base_param_files=/upb/departments/pc2/users/k/khalids/.openmpi/mca-params.conf,/opt/software/pc2/EB-SW/software/OpenMPI/4.1.4-GCC-11.3.0/etc/openmpi-mca-params.conf (default)
[n2cn0815:1971658] mca_param_files=/upb/departments/pc2/users/k/khalids/.openmpi/mca-params.conf,/opt/software/pc2/EB-SW/software/OpenMPI/4.1.4-GCC-11.3.0/etc/openmpi-mca-params.conf (default)
[n2cn0815:1971658] mca_base_override_param_file=/opt/software/pc2/EB-SW/software/OpenMPI/4.1.4-GCC-11.3.0/etc/openmpi-mca-params-override.conf (default)
[n2cn0815:1971658] mca_base_suppress_override_warning=false (default)
[n2cn0815:1971658] mca_base_param_file_prefix= (default)
[n2cn0815:1971658] mca_base_envar_file_prefix= (default)
[n2cn0815:1971658] mca_base_param_file_path=/opt/software/pc2/EB-SW/software/OpenMPI/4.1.4-GCC-11.3.0/share/openmpi/amca-param-sets:/scratch/hpc-prf-mpibj/ya/f_allreduce (default)
[n2cn0815:1971658] mca_base_param_file_path_force= (default)
[n2cn0815:1971658] opal_signal=6,7,8,11 (default)
[n2cn0815:1971658] opal_stacktrace_output=stderr (default)
[n2cn0815:1971658] opal_net_private_ipv4=10.0.0.0/8;172.16.0.0/12;192.168.0.0/16;169.254.0.0/16 (default)
[n2cn0815:1971658] opal_set_max_sys_limits= (default)
[n2cn0815:1971658] opal_built_with_cuda_support=true (default)
[n2cn0815:1971658] opal_cuda_support=false (environment)
[n2cn0815:1971658] opal_warn_on_missing_libcuda=false (default)
[n2cn0815:1971658] mpi_leave_pinned=true (default)
[n2cn0815:1971658] opal_leave_pinned=true (default)
[n2cn0815:1971658] mpi_leave_pinned_pipeline=false (default)
[n2cn0815:1971658] opal_leave_pinned_pipeline=false (default)
[n2cn0815:1971658] mpi_warn_on_fork=true (default)
[n2cn0815:1971658] opal_abort_delay=0 (default)
[n2cn0815:1971658] opal_abort_print_stack=false (default)
[n2cn0815:1971658] mca_base_env_list= (default)
[n2cn0815:1971658] mca_base_env_list_delimiter=; (default)
[n2cn0815:1971658] dss_buffer_type=non-described (default)
[n2cn0815:1971658] dss_buffer_initial_size=2048 (default)
[n2cn0815:1971658] dss_buffer_threshold_size=4096 (default)
[n2cn0815:1971658] mca_base_component_path=/opt/software/pc2/EB-SW/software/OpenMPI/4.1.4-GCC-11.3.0/lib/openmpi:/upb/departments/pc2/users/k/khalids/.openmpi/components (default)
[n2cn0815:1971658] mca_component_path=/opt/software/pc2/EB-SW/software/OpenMPI/4.1.4-GCC-11.3.0/lib/openmpi:/upb/departments/pc2/users/k/khalids/.openmpi/components (default)
[n2cn0815:1971658] mca_base_component_show_load_errors=true (default)
[n2cn0815:1971658] mca_component_show_load_errors=true (default)
[n2cn0815:1971658] mca_base_component_track_load_errors=false (default)
[n2cn0815:1971658] mca_base_component_disable_dlopen=false (default)
[n2cn0815:1971658] mca_component_disable_dlopen=false (default)
[n2cn0815:1971658] mca_base_verbose=stderr (default)
[n2cn0815:1971658] mca_verbose=stderr (default)
[n2cn0815:1971658] dl= (default)
[n2cn0815:1971658] dl_base_verbose=error (default)
[n2cn0815:1971658] dl_dlopen_filename_suffixes=.so,.dylib,.dll,.sl (default)
[n2cn0815:1971658] if= (default)
[n2cn0815:1971658] if_base_verbose=error (default)
[n2cn0815:1971658] if_base_do_not_resolve=false (default)
[n2cn0815:1971658] if_base_retain_loopback=false (default)
[n2cn0815:1971658] mpi_param_check=true (default)
[n2cn0815:1971658] mpi_oversubscribe=false (environment)
[n2cn0815:1971658] mpi_yield_when_idle=false (default)
[n2cn0815:1971658] mpi_event_tick_rate=-1 (default)
[n2cn0815:1971658] mpi_show_handle_leaks=false (default)
[n2cn0815:1971658] mpi_no_free_handles=false (default)
[n2cn0815:1971658] mpi_show_mpi_alloc_mem_leaks=0 (default)
[n2cn0815:1971658] mpi_show_mca_params=all (environment)
[n2cn0815:1971658] mpi_show_mca_params_file= (default)
[n2cn0815:1971658] mpi_preconnect_all=false (default)
[n2cn0815:1971658] mpi_have_sparse_group_storage=false (default)
[n2cn0815:1971658] mpi_use_sparse_group_storage=false (default)
[n2cn0815:1971658] mpi_cuda_support=false (environment)
[n2cn0815:1971658] mpi_built_with_cuda_support=true (default)
[n2cn0815:1971658] mpi_add_procs_cutoff=0 (default)
[n2cn0815:1971658] mpi_dynamics_enabled=true (default)
[n2cn0815:1971658] async_mpi_init=false (default)
[n2cn0815:1971658] async_mpi_finalize=false (default)
[n2cn0815:1971658] mpi_abort_delay=0 (default)
[n2cn0815:1971658] mpi_abort_print_stack=false (default)
[n2cn0815:1971658] mpi_spc_attach= (default)
[n2cn0815:1971658] mpi_spc_dump_enabled=false (default)
[n2cn0815:1971658] ompi_timing=false (default)
[n2cn0815:1971658] hook= (default)
[n2cn0815:1971658] hook_base_verbose=error (default)
[n2cn0815:1971658] rte= (default)
[n2cn0815:1971658] rte_base_verbose=error (default)
[n2cn0815:1971658] hwloc= (default)
[n2cn0815:1971658] hwloc_base_verbose=error (default)
[n2cn0815:1971658] hwloc_base_mem_alloc_policy=none (default)
[n2cn0815:1971658] hwloc_base_mem_bind_failure_action=warn (default)
[n2cn0815:1971658] hwloc_base_binding_policy= (default)
[n2cn0815:1971658] hwloc_base_bind_to_core=false (default)
[n2cn0815:1971658] hwloc_base_bind_to_socket=false (default)
[n2cn0815:1971658] hwloc_base_report_bindings=false (default)
[n2cn0815:1971658] hwloc_base_cpu_list= (default)
[n2cn0815:1971658] hwloc_base_slot_list= (default)
[n2cn0815:1971658] hwloc_base_cpu_set= (default)
[n2cn0815:1971658] hwloc_base_use_hwthreads_as_cpus=false (default)
[n2cn0815:1971658] hwloc_base_topo_file= (default)
[n2cn0815:1971658] memcpy= (default)
[n2cn0815:1971658] memcpy_base_verbose=error (default)
[n2cn0815:1971658] memchecker= (default)
[n2cn0815:1971658] memchecker_base_verbose=error (default)
[n2cn0815:1971658] backtrace= (default)
[n2cn0815:1971658] backtrace_base_verbose=error (default)
[n2cn0815:1971658] timer= (default)
[n2cn0815:1971658] timer_base_verbose=error (default)
[n2cn0815:1971658] timer_require_monotonic=true (default)
[n2cn0815:1971658] event= (default)
[n2cn0815:1971658] event_base_verbose=error (default)
[n2cn0815:1971658] event_external_event_include=poll (default)
[n2cn0815:1971658] opal_event_include=poll (default)
[n2cn0815:1971658] shmem= (default)
[n2cn0815:1971658] shmem_base_verbose=error (default)
[n2cn0815:1971658] shmem_mmap_priority=50 (default)
[n2cn0815:1971658] shmem_mmap_enable_nfs_warning=true (default)
[n2cn0815:1971658] shmem_mmap_relocate_backing_file=0 (default)
[n2cn0815:1971658] shmem_mmap_backing_file_base_dir=/dev/shm (default)
[n2cn0815:1971658] reachable= (default)
[n2cn0815:1971658] reachable_base_verbose=error (default)
[n2cn0815:1971658] opal_cr_verbose=0 (default)
[n2cn0815:1971658] ft_cr_enabled=false (default)
[n2cn0815:1971658] opal_cr_enable_timer=false (default)
[n2cn0815:1971658] opal_cr_enable_timer_barrier=false (default)
[n2cn0815:1971658] opal_cr_timer_target_rank=0 (default)
[n2cn0815:1971658] opal_cr_is_tool=false (default)
[n2cn0815:1971658] opal_cr_signal=10 (default)
[n2cn0815:1971658] opal_cr_debug_sigpipe=false (default)
[n2cn0815:1971658] opal_cr_tmp_dir=/tmp (default)
[n2cn0815:1971658] orte_base_help_aggregate=true (default)
[n2cn0815:1971658] orte_tmpdir_base=/dev/shm (environment)
[n2cn0815:1971658] orte_local_tmpdir_base= (default)
[n2cn0815:1971658] orte_remote_tmpdir_base= (default)
[n2cn0815:1971658] orte_top_session_dir=/dev/shm/ompi.n2cn0815.80634 (environment)
[n2cn0815:1971658] orte_jobfam_session_dir=/dev/shm/ompi.n2cn0815.80634/pid.1971646 (environment)
[n2cn0815:1971658] orte_no_session_dirs= (default)
[n2cn0815:1971658] orte_create_session_dirs=true (default)
[n2cn0815:1971658] orte_execute_quiet=false (default)
[n2cn0815:1971658] orte_report_silent_errors=false (default)
[n2cn0815:1971658] orte_debug=false (default)
[n2cn0815:1971658] orte_debug_verbose=-1 (default)
[n2cn0815:1971658] orte_debug_daemons_file=false (default)
[n2cn0815:1971658] orte_debug_daemons=false (default)
[n2cn0815:1971658] orte_progress_thread_debug=-1 (default)
[n2cn0815:1971658] orte_leave_session_attached=false (default)
[n2cn0815:1971658] orte_output_debugger_proctable=false (default)
[n2cn0815:1971658] orte_debugger_test_daemon= (default)
[n2cn0815:1971658] orte_debugger_test_attach=false (default)
[n2cn0815:1971658] orte_debugger_check_rate=0 (default)
[n2cn0815:1971658] orte_do_not_launch=false (default)
[n2cn0815:1971658] orte_daemon_spin=false (default)
[n2cn0815:1971658] orte_daemon_fail=-1 (default)
[n2cn0815:1971658] orte_daemon_fail_delay=0 (default)
[n2cn0815:1971658] orte_startup_timeout=0 (default)
[n2cn0815:1971658] orte_base_user_debugger=totalview @mpirun@ -a @mpirun_args@ : ddt -n @np@ -start @executable@ @executable_argv@ @single_app@ : fxp @mpirun@ -a @mpirun_args@ (default)
[n2cn0815:1971658] orte_default_hostfile=/opt/software/pc2/EB-SW/software/OpenMPI/4.1.4-GCC-11.3.0/etc/openmpi-default-hostfile (default)
[n2cn0815:1971658] orte_default_dash_host= (default)
[n2cn0815:1971658] orte_node_regex= (default)
[n2cn0815:1971658] orte_keep_fqdn_hostnames=false (default)
[n2cn0815:1971658] orte_retain_aliases=false (default)
[n2cn0815:1971658] orte_hostname_cutoff=1000 (default)
[n2cn0815:1971658] orte_hostname_alias_index=1 (default)
[n2cn0815:1971658] orte_xml_output=false (default)
[n2cn0815:1971658] orte_tag_output=false (default)
[n2cn0815:1971658] orte_xml_file= (default)
[n2cn0815:1971658] orte_timestamp_output=false (default)
[n2cn0815:1971658] orte_show_resolved_nodenames=false (default)
[n2cn0815:1971658] orte_launch_agent=orted (default)
[n2cn0815:1971658] orte_fork_agent= (default)
[n2cn0815:1971658] orte_allocation_required=false (default)
[n2cn0815:1971658] orte_map_stddiag_to_stderr=false (default)
[n2cn0815:1971658] orte_map_stddiag_to_stdout=false (default)
[n2cn0815:1971658] orte_xterm= (default)
[n2cn0815:1971658] orte_report_launch_progress=false (default)
[n2cn0815:1971658] orte_report_events= (default)
[n2cn0815:1971658] orte_enable_recovery=false (default)
[n2cn0815:1971658] orte_max_restarts=0 (default)
[n2cn0815:1971658] orte_abort_on_non_zero_status=true (default)
[n2cn0815:1971658] orte_allowed_exit_without_sync=false (default)
[n2cn0815:1971658] orte_report_child_jobs_separately=false (default)
[n2cn0815:1971658] orte_stat_history_size=1 (default)
[n2cn0815:1971658] orte_no_vm=false (default)
[n2cn0815:1971658] orte_max_vm_size=-1 (default)
[n2cn0815:1971658] orte_set_default_slots=cores (default)
[n2cn0815:1971658] orte_display_alloc=false (default)
[n2cn0815:1971658] ras_base_display_alloc=false (default)
[n2cn0815:1971658] orte_display_devel_alloc=false (default)
[n2cn0815:1971658] ras_base_display_devel_alloc=false (default)
[n2cn0815:1971658] orte_soft_locations=false (default)
[n2cn0815:1971658] orte_daemon_cores= (default)
[n2cn0815:1971658] orte_coll_transports=fabric,ethernet (default)
[n2cn0815:1971658] orte_mgmt_transports=oob (default)
[n2cn0815:1971658] orte_timeout_for_stack_trace=30 (default)
[n2cn0815:1971658] orte_fwd_mpirun_port=false (default)
[n2cn0815:1971658] pmix_server_uri= (default)
[n2cn0815:1971658] orte_enable_instant_on_support=false (default)
[n2cn0815:1971658] orte_strip_prefix= (default)
[n2cn0815:1971658] schizo= (default)
[n2cn0815:1971658] schizo_base_verbose=error (default)
[n2cn0815:1971658] schizo_base_personalities= (default)
[n2cn0815:1971658] ess=pmi (environment)
[n2cn0815:1971658] ess_base_verbose=error (default)
[n2cn0815:1971658] ess_base_stream_buffering=default (default)
[n2cn0815:1971658] orte_ess_jobid=1688207361 (environment)
[n2cn0815:1971658] orte_ess_vpid=0 (environment)
[n2cn0815:1971658] orte_ess_num_procs=16 (default)
[n2cn0815:1971658] ess_base_forward_signals= (default)
[n2cn0815:1971658] ess_hnp_forward_signals= (default)
[n2cn0815:1971658] pmix=^s1,s2,cray,isolated (environment)
[n2cn0815:1971658] pmix_base_verbose=error (default)
[n2cn0815:1971658] pmix_base_async_modex=false (default)
[n2cn0815:1971658] pmix_base_collect_data=true (default)
[n2cn0815:1971658] pmix_base_exchange_timeout=-1 (default)
[n2cn0815:1971658] pmix_ext3x_silence_warning=false (default)
[n2cn0815:1971658] pmix_ext3x_library_version=PMIx library version OpenPMIx 4.1.2 (PMIx Standard: 4.1) (embedded in Open MPI) (default)
[n2cn0815:1971658] state= (default)
[n2cn0815:1971658] state_base_verbose=error (default)
[n2cn0815:1971658] state_base_check_fds=false (default)
[n2cn0815:1971658] errmgr= (default)
[n2cn0815:1971658] errmgr_base_verbose=error (default)
[n2cn0815:1971658] errmgr_default_app_priority=1000 (default)
[n2cn0815:1971658] op= (default)
[n2cn0815:1971658] op_base_verbose=error (default)
[n2cn0815:1971658] op_avx_capabilities=SSE,SSE2,SSE3,SSE4.1,AVX,AVX2 (default)
[n2cn0815:1971658] op_avx_support=SSE,SSE2,SSE3,SSE4.1,AVX,AVX2 (default)
[n2cn0815:1971658] allocator= (default)
[n2cn0815:1971658] allocator_base_verbose=error (default)
[n2cn0815:1971658] allocator_bucket_num_buckets=30 (default)
[n2cn0815:1971658] rcache= (default)
[n2cn0815:1971658] rcache_base_verbose=error (default)
[n2cn0815:1971658] rcache_grdma_print_stats=false (default)
[n2cn0815:1971658] rcache_rgpusm_rcache_name=vma (default)
[n2cn0815:1971658] rcache_rgpusm_rcache_size_limit=0 (default)
[n2cn0815:1971658] rcache_rgpusm_leave_pinned=1 (default)
[n2cn0815:1971658] rcache_rgpusm_print_stats=false (default)
[n2cn0815:1971658] rcache_rgpusm_verbose=0 (default)
[n2cn0815:1971658] rcache_rgpusm_empty_cache=false (default)
[n2cn0815:1971658] mpool= (default)
[n2cn0815:1971658] mpool_base_verbose=error (default)
[n2cn0815:1971658] mpool_hugepage_priority=50 (default)
[n2cn0815:1971658] mpool_hugepage_page_size=2097152 (default)
[n2cn0815:1971658] bml= (default)
[n2cn0815:1971658] bml_base_verbose=error (default)
[n2cn0815:1971658] bml_r2_show_unreach_errors=true (default)
[n2cn0815:1971658] btl= (default)
[n2cn0815:1971658] btl_base_verbose=error (default)
[n2cn0815:1971658] btl_base_include= (default)
[n2cn0815:1971658] btl_base_exclude= (default)
[n2cn0815:1971658] btl_base_warn_component_unused=1 (default)
[n2cn0815:1971658] btl_vader_free_list_num=8 (default)
[n2cn0815:1971658] btl_vader_free_list_max=512 (default)
[n2cn0815:1971658] btl_vader_free_list_inc=64 (default)
[n2cn0815:1971658] btl_vader_memcpy_limit=524288 (default)
[n2cn0815:1971658] btl_vader_segment_size=4194304 (default)
[n2cn0815:1971658] btl_vader_max_inline_send=256 (default)
[n2cn0815:1971658] btl_vader_fbox_threshold=16 (default)
[n2cn0815:1971658] btl_vader_fbox_max=32 (default)
[n2cn0815:1971658] btl_vader_fbox_size=4096 (default)
[n2cn0815:1971658] btl_vader_single_copy_mechanism=cma (default)
[n2cn0815:1971658] btl_vader_backing_directory=/dev/shm (default)
[n2cn0815:1971658] btl_vader_exclusivity=65536 (default)
[n2cn0815:1971658] btl_vader_flags=send,put,get,inplace,atomics,fetching-atomics (default)
[n2cn0815:1971658] btl_vader_rndv_eager_limit=32768 (default)
[n2cn0815:1971658] btl_vader_eager_limit=4096 (default)
[n2cn0815:1971658] btl_vader_get_limit=18446744073709551615 (default)
[n2cn0815:1971658] btl_vader_get_alignment=0 (default)
[n2cn0815:1971658] btl_vader_put_limit=18446744073709551615 (default)
[n2cn0815:1971658] btl_vader_put_alignment=0 (default)
[n2cn0815:1971658] btl_vader_cuda_eager_limit=0 (default)
[n2cn0815:1971658] btl_vader_cuda_rdma_limit=18446744073709551615 (default)
[n2cn0815:1971658] btl_vader_cuda_max_send_size=0 (default)
[n2cn0815:1971658] btl_vader_max_send_size=32768 (default)
[n2cn0815:1971658] btl_vader_rdma_pipeline_send_length=4096 (default)
[n2cn0815:1971658] btl_vader_rdma_pipeline_frag_size=4096 (default)
[n2cn0815:1971658] btl_vader_min_rdma_pipeline_size=2147483647 (default)
[n2cn0815:1971658] btl_vader_latency=1 (default)
[n2cn0815:1971658] btl_vader_bandwidth=40000 (default)
[n2cn0815:1971658] btl_ofi_mode=0 (default)
[n2cn0815:1971658] btl_ofi_num_cq_read=64 (default)
[n2cn0815:1971658] btl_ofi_progress_mode=unspec (default)
[n2cn0815:1971658] btl_ofi_num_contexts_per_module=1 (default)
[n2cn0815:1971658] btl_ofi_disable_sep=false (default)
[n2cn0815:1971658] btl_ofi_progress_threshold=64 (default)
[n2cn0815:1971658] btl_ofi_rd_num=10 (default)
[n2cn0815:1971658] opal_common_ofi_provider_include= (default)
[n2cn0815:1971658] opal_common_ofi_provider_exclude=shm,sockets,tcp,udp,rstream,usnic (default)
[n2cn0815:1971658] opal_common_ofi_verbose=0 (default)
[n2cn0815:1971658] btl_ofi_provider_include= (default)
[n2cn0815:1971658] btl_ofi_provider_exclude=shm,sockets,tcp,udp,rstream,usnic (default)
[n2cn0815:1971658] btl_ofi_verbose=0 (default)
[n2cn0815:1971658] btl_ofi_exclusivity=65486 (default)
[n2cn0815:1971658] btl_ofi_flags= (default)
[n2cn0815:1971658] btl_ofi_atomic_flags= (default)
[n2cn0815:1971658] btl_ofi_rndv_eager_limit=0 (default)
[n2cn0815:1971658] btl_ofi_eager_limit=0 (default)
[n2cn0815:1971658] btl_ofi_cuda_eager_limit=0 (default)
[n2cn0815:1971658] btl_ofi_cuda_rdma_limit=18446744073709551615 (default)
[n2cn0815:1971658] btl_ofi_cuda_max_send_size=0 (default)
[n2cn0815:1971658] btl_ofi_max_send_size=0 (default)
[n2cn0815:1971658] btl_tcp_links=1 (default)
[n2cn0815:1971658] btl_tcp_if_include= (default)
[n2cn0815:1971658] btl_tcp_if_exclude=lo,sppp (default)
[n2cn0815:1971658] btl_tcp_free_list_num=8 (default)
[n2cn0815:1971658] btl_tcp_free_list_max=-1 (default)
[n2cn0815:1971658] btl_tcp_free_list_inc=32 (default)
[n2cn0815:1971658] btl_tcp_sndbuf=0 (default)
[n2cn0815:1971658] btl_tcp_rcvbuf=0 (default)
[n2cn0815:1971658] btl_tcp_endpoint_cache=30720 (default)
[n2cn0815:1971658] btl_tcp_use_nagle=0 (default)
[n2cn0815:1971658] btl_tcp_port_min_v4=1024 (default)
[n2cn0815:1971658] btl_tcp_port_range_v4=64511 (default)
[n2cn0815:1971658] btl_tcp_progress_thread=0 (default)
[n2cn0815:1971658] btl_tcp_warn_all_unfound_interfaces=false (default)
[n2cn0815:1971658] btl_tcp_exclusivity=100 (default)
[n2cn0815:1971658] btl_tcp_flags=send,put,inplace,need-ack,need-csum,hetero-rdma (default)
[n2cn0815:1971658] btl_tcp_atomic_flags= (default)
[n2cn0815:1971658] btl_tcp_rndv_eager_limit=65536 (default)
[n2cn0815:1971658] btl_tcp_eager_limit=65536 (default)
[n2cn0815:1971658] btl_tcp_put_limit=18446744073709551615 (default)
[n2cn0815:1971658] btl_tcp_put_alignment=0 (default)
[n2cn0815:1971658] btl_tcp_cuda_eager_limit=0 (default)
[n2cn0815:1971658] btl_tcp_cuda_rdma_limit=18446744073709551615 (default)
[n2cn0815:1971658] btl_tcp_cuda_max_send_size=0 (default)
[n2cn0815:1971658] btl_tcp_max_send_size=131072 (default)
[n2cn0815:1971658] btl_tcp_rdma_pipeline_send_length=131072 (default)
[n2cn0815:1971658] btl_tcp_rdma_pipeline_frag_size=2147482624 (default)
[n2cn0815:1971658] btl_tcp_min_rdma_pipeline_size=196608 (default)
[n2cn0815:1971658] btl_tcp_latency=0 (default)
[n2cn0815:1971658] btl_tcp_bandwidth=0 (default)
[n2cn0815:1971658] btl_tcp_disable_family=0 (default)
[n2cn0815:1971658] btl_smcuda_min_size=134217728 (default)
[n2cn0815:1971658] btl_smcuda_free_list_num=8 (default)
[n2cn0815:1971658] btl_smcuda_free_list_max=-1 (default)
[n2cn0815:1971658] btl_smcuda_free_list_inc=64 (default)
[n2cn0815:1971658] btl_smcuda_max_procs=8 (default)
[n2cn0815:1971658] btl_smcuda_fifo_size=4096 (default)
[n2cn0815:1971658] btl_smcuda_num_fifos=1 (default)
[n2cn0815:1971658] btl_smcuda_fifo_lazy_free=120 (default)
[n2cn0815:1971658] btl_smcuda_sm_extra_procs=0 (default)
[n2cn0815:1971658] btl_smcuda_allocator=bucket (default)
[n2cn0815:1971658] btl_smcuda_use_cuda_ipc=1 (default)
[n2cn0815:1971658] btl_smcuda_use_cuda_ipc_same_gpu=1 (default)
[n2cn0815:1971658] btl_smcuda_cuda_ipc_verbose=0 (default)
[n2cn0815:1971658] btl_smcuda_exclusivity=0 (default)
[n2cn0815:1971658] btl_smcuda_flags=send (default)
[n2cn0815:1971658] btl_smcuda_atomic_flags= (default)
[n2cn0815:1971658] btl_smcuda_rndv_eager_limit=4096 (default)
[n2cn0815:1971658] btl_smcuda_eager_limit=4096 (default)
[n2cn0815:1971658] btl_smcuda_cuda_eager_limit=18446744073709551615 (default)
[n2cn0815:1971658] btl_smcuda_cuda_rdma_limit=18446744073709551615 (default)
[n2cn0815:1971658] btl_smcuda_cuda_max_send_size=131072 (default)
[n2cn0815:1971658] btl_smcuda_max_send_size=32768 (default)
[n2cn0815:1971658] mpi_common_cuda_verbose=0 (default)
[n2cn0815:1971658] mpi_common_cuda_register_memory=true (default)
[n2cn0815:1971658] mpi_common_cuda_warning=true (default)
[n2cn0815:1971658] mpi_common_cuda_memcpy_async=1 (default)
[n2cn0815:1971658] mpi_common_cuda_event_max=400 (default)
[n2cn0815:1971658] mpi_common_cuda_cumemcpy_async=1 (default)
[n2cn0815:1971658] mpi_common_cuda_gpu_mem_check_workaround=0 (default)
[n2cn0815:1971658] btl_self_free_list_num=0 (default)
[n2cn0815:1971658] btl_self_free_list_max=64 (default)
[n2cn0815:1971658] btl_self_free_list_inc=8 (default)
[n2cn0815:1971658] btl_self_exclusivity=65536 (default)
[n2cn0815:1971658] btl_self_flags=send,put,get,inplace (default)
[n2cn0815:1971658] btl_self_atomic_flags= (default)
[n2cn0815:1971658] btl_self_rndv_eager_limit=131072 (default)
[n2cn0815:1971658] btl_self_eager_limit=1024 (default)
[n2cn0815:1971658] btl_self_get_limit=18446744073709551615 (default)
[n2cn0815:1971658] btl_self_get_alignment=0 (default)
[n2cn0815:1971658] btl_self_put_limit=18446744073709551615 (default)
[n2cn0815:1971658] btl_self_put_alignment=0 (default)
[n2cn0815:1971658] btl_self_cuda_eager_limit=0 (default)
[n2cn0815:1971658] btl_self_cuda_rdma_limit=18446744073709551615 (default)
[n2cn0815:1971658] btl_self_cuda_max_send_size=0 (default)
[n2cn0815:1971658] btl_self_max_send_size=16384 (default)
[n2cn0815:1971658] btl_self_rdma_pipeline_send_length=2147483647 (default)
[n2cn0815:1971658] btl_self_rdma_pipeline_frag_size=2147483647 (default)
[n2cn0815:1971658] btl_self_min_rdma_pipeline_size=2147484671 (default)
[n2cn0815:1971658] btl_self_latency=0 (default)
[n2cn0815:1971658] btl_self_bandwidth=100 (default)
[n2cn0815:1971658] memory= (default)
[n2cn0815:1971658] memory_base_verbose=error (default)
[n2cn0815:1971658] memory_patcher_priority=80 (default)
[n2cn0815:1971658] patcher= (default)
[n2cn0815:1971658] patcher_base_verbose=error (default)
[n2cn0815:1971658] patcher_overwrite_priority=37 (default)
[n2cn0815:1971658] btl_tcp_bandwidth_enp225s0f0=1000 (default)
[n2cn0815:1971658] btl_tcp_latency_enp225s0f0=100 (default)
[n2cn0815:1971658] btl_tcp_bandwidth_enp225s0f0:0=1000 (default)
[n2cn0815:1971658] btl_tcp_latency_enp225s0f0:0=100 (default)
[n2cn0815:1971658] btl_tcp_bandwidth_ib0=100000 (default)
[n2cn0815:1971658] btl_tcp_latency_ib0=100 (default)
[n2cn0815:1971658] btl_tcp_bandwidth_ib0:0=100000 (default)
[n2cn0815:1971658] btl_tcp_latency_ib0:0=100 (default)
[n2cn0815:1971658] pml= (default)
[n2cn0815:1971658] pml_base_verbose=error (default)
[n2cn0815:1971658] pml_base_bsend_allocator=basic (default)
[n2cn0815:1971658] pml_ucx_priority=51 (default)
[n2cn0815:1971658] pml_ucx_num_disconnect=1 (default)
[n2cn0815:1971658] pml_ucx_request_leak_check=false (default)
[n2cn0815:1971658] pml_ucx_multi_send_nb=false (default)
[n2cn0815:1971658] opal_common_ucx_verbose=0 (default)
[n2cn0815:1971658] opal_common_ucx_progress_iterations=100 (default)
[n2cn0815:1971658] opal_common_ucx_opal_mem_hooks=true (default)
[n2cn0815:1971658] opal_common_ucx_tls=rc_verbs,ud_verbs,rc_mlx5,dc_mlx5,ud_mlx5,cuda_ipc,rocm_ipc (default)
[n2cn0815:1971658] opal_common_ucx_devices=mlx* (default)
[n2cn0815:1971658] pml_ucx_verbose=0 (default)
[n2cn0815:1971658] pml_ucx_progress_iterations=100 (default)
[n2cn0815:1971658] pml_ucx_opal_mem_hooks=true (default)
[n2cn0815:1971658] pml_ucx_tls=rc_verbs,ud_verbs,rc_mlx5,dc_mlx5,ud_mlx5,cuda_ipc,rocm_ipc (default)
[n2cn0815:1971658] pml_ucx_devices=mlx* (default)
[n2cn0815:1971658] coll= (default)
[n2cn0815:1971658] coll_base_verbose=error (default)
[n2cn0815:1971658] coll_basic_priority=10 (default)
[n2cn0815:1971658] coll_basic_crossover=4 (default)
[n2cn0815:1971658] coll_sm_priority=0 (default)
[n2cn0815:1971658] coll_sm_control_size=4096 (default)
[n2cn0815:1971658] coll_sm_fragment_size=8192 (default)
[n2cn0815:1971658] coll_sm_comm_in_use_flags=2 (default)
[n2cn0815:1971658] coll_sm_comm_num_segments=8 (default)
[n2cn0815:1971658] coll_sm_tree_degree=4 (default)
[n2cn0815:1971658] coll_sm_info_num_procs=4 (default)
[n2cn0815:1971658] coll_sm_shared_mem_used_data=548864 (default)
[n2cn0815:1971658] coll_self_priority=75 (default)
[n2cn0815:1971658] coll_libnbc_priority=10 (default)
[n2cn0815:1971658] coll_libnbc_ibcast_skip_dt_decision=true (default)
[n2cn0815:1971658] coll_libnbc_iallgather_algorithm=ignore (default)
[n2cn0815:1971658] coll_libnbc_iallreduce_algorithm=ignore (default)
[n2cn0815:1971658] coll_libnbc_ibcast_algorithm=ignore (default)
[n2cn0815:1971658] coll_libnbc_ibcast_knomial_radix=4 (default)
[n2cn0815:1971658] coll_libnbc_iexscan_algorithm=ignore (default)
[n2cn0815:1971658] coll_libnbc_ireduce_algorithm=ignore (default)
[n2cn0815:1971658] coll_libnbc_iscan_algorithm=ignore (default)
[n2cn0815:1971658] coll_tuned_priority=30 (default)
[n2cn0815:1971658] coll_tuned_init_tree_fanout=4 (default)
[n2cn0815:1971658] coll_tuned_init_chain_fanout=4 (default)
[n2cn0815:1971658] coll_tuned_alltoall_small_msg=200 (default)
[n2cn0815:1971658] coll_tuned_alltoall_intermediate_msg=3000 (default)
[n2cn0815:1971658] coll_tuned_use_dynamic_rules=true (environment)
[n2cn0815:1971658] coll_tuned_dynamic_rules_filename= (default)
[n2cn0815:1971658] coll_tuned_allreduce_algorithm_count=7 (default)
[n2cn0815:1971658] coll_tuned_allreduce_algorithm=ring (environment)
[n2cn0815:1971658] coll_tuned_allreduce_algorithm_segmentsize=0 (default)
[n2cn0815:1971658] coll_tuned_allreduce_algorithm_tree_fanout=4 (default)
[n2cn0815:1971658] coll_tuned_allreduce_algorithm_chain_fanout=4 (default)
[n2cn0815:1971658] coll_tuned_alltoall_algorithm_count=6 (default)
[n2cn0815:1971658] coll_tuned_alltoall_algorithm=ignore (default)
[n2cn0815:1971658] coll_tuned_alltoall_algorithm_segmentsize=0 (default)
[n2cn0815:1971658] coll_tuned_alltoall_algorithm_tree_fanout=4 (default)
[n2cn0815:1971658] coll_tuned_alltoall_algorithm_chain_fanout=4 (default)
[n2cn0815:1971658] coll_tuned_alltoall_large_msg=3000 (default)
[n2cn0815:1971658] coll_tuned_alltoall_min_procs=0 (default)
[n2cn0815:1971658] coll_tuned_alltoall_algorithm_max_requests=0 (default)
[n2cn0815:1971658] coll_tuned_allgather_algorithm_count=7 (default)
[n2cn0815:1971658] coll_tuned_allgather_algorithm=ignore (default)
[n2cn0815:1971658] coll_tuned_allgather_algorithm_segmentsize=0 (default)
[n2cn0815:1971658] coll_tuned_allgather_algorithm_tree_fanout=4 (default)
[n2cn0815:1971658] coll_tuned_allgather_algorithm_chain_fanout=4 (default)
[n2cn0815:1971658] coll_tuned_allgatherv_algorithm_count=6 (default)
[n2cn0815:1971658] coll_tuned_allgatherv_algorithm=ignore (default)
[n2cn0815:1971658] coll_tuned_allgatherv_algorithm_segmentsize=0 (default)
[n2cn0815:1971658] coll_tuned_allgatherv_algorithm_tree_fanout=4 (default)
[n2cn0815:1971658] coll_tuned_allgatherv_algorithm_chain_fanout=4 (default)
[n2cn0815:1971658] coll_tuned_alltoallv_algorithm_count=3 (default)
[n2cn0815:1971658] coll_tuned_alltoallv_algorithm=ignore (default)
[n2cn0815:1971658] coll_tuned_barrier_algorithm_count=7 (default)
[n2cn0815:1971658] coll_tuned_barrier_algorithm=ignore (default)
[n2cn0815:1971658] coll_tuned_bcast_algorithm_count=10 (default)
[n2cn0815:1971658] coll_tuned_bcast_algorithm=ignore (default)
[n2cn0815:1971658] coll_tuned_bcast_algorithm_segmentsize=0 (default)
[n2cn0815:1971658] coll_tuned_bcast_algorithm_tree_fanout=4 (default)
[n2cn0815:1971658] coll_tuned_bcast_algorithm_chain_fanout=4 (default)
[n2cn0815:1971658] coll_tuned_bcast_algorithm_knomial_radix=4 (default)
[n2cn0815:1971658] coll_tuned_reduce_algorithm_count=8 (default)
[n2cn0815:1971658] coll_tuned_reduce_algorithm=ignore (default)
[n2cn0815:1971658] coll_tuned_reduce_algorithm_segmentsize=0 (default)
[n2cn0815:1971658] coll_tuned_reduce_algorithm_tree_fanout=4 (default)
[n2cn0815:1971658] coll_tuned_reduce_algorithm_chain_fanout=4 (default)
[n2cn0815:1971658] coll_tuned_reduce_algorithm_max_requests=0 (default)
[n2cn0815:1971658] coll_tuned_reduce_scatter_algorithm_count=5 (default)
[n2cn0815:1971658] coll_tuned_reduce_scatter_algorithm=ignore (default)
[n2cn0815:1971658] coll_tuned_reduce_scatter_algorithm_segmentsize=0 (default)
[n2cn0815:1971658] coll_tuned_reduce_scatter_algorithm_tree_fanout=4 (default)
[n2cn0815:1971658] coll_tuned_reduce_scatter_algorithm_chain_fanout=4 (default)
[n2cn0815:1971658] coll_tuned_reduce_scatter_block_algorithm_count=5 (default)
[n2cn0815:1971658] coll_tuned_reduce_scatter_block_algorithm=ignore (default)
[n2cn0815:1971658] coll_tuned_reduce_scatter_block_algorithm_segmentsize=0 (default)
[n2cn0815:1971658] coll_tuned_reduce_scatter_block_algorithm_tree_fanout=4 (default)
[n2cn0815:1971658] coll_tuned_gather_algorithm_count=4 (default)
[n2cn0815:1971658] coll_tuned_gather_algorithm=ignore (default)
[n2cn0815:1971658] coll_tuned_gather_algorithm_segmentsize=0 (default)
[n2cn0815:1971658] coll_tuned_gather_algorithm_tree_fanout=4 (default)
[n2cn0815:1971658] coll_tuned_gather_algorithm_chain_fanout=4 (default)
[n2cn0815:1971658] coll_tuned_scatter_algorithm_count=4 (default)
[n2cn0815:1971658] coll_tuned_scatter_algorithm=ignore (default)
[n2cn0815:1971658] coll_tuned_scatter_algorithm_segmentsize=0 (default)
[n2cn0815:1971658] coll_tuned_scatter_algorithm_tree_fanout=4 (default)
[n2cn0815:1971658] coll_tuned_scatter_algorithm_chain_fanout=4 (default)
[n2cn0815:1971658] coll_tuned_scatter_min_procs=0 (default)
[n2cn0815:1971658] coll_tuned_scatter_algorithm_max_requests=0 (default)
[n2cn0815:1971658] coll_tuned_scatter_intermediate_msg=0 (default)
[n2cn0815:1971658] coll_tuned_scatter_large_msg=0 (default)
[n2cn0815:1971658] coll_tuned_exscan_algorithm_count=3 (default)
[n2cn0815:1971658] coll_tuned_exscan_algorithm=ignore (default)
[n2cn0815:1971658] coll_tuned_scan_algorithm_count=3 (default)
[n2cn0815:1971658] coll_tuned_scan_algorithm=ignore (default)
[n2cn0815:1971658] coll_han_priority=0 (default)
[n2cn0815:1971658] coll_han_bcast_segsize=65536 (default)
[n2cn0815:1971658] coll_han_bcast_up_module=0 (default)
[n2cn0815:1971658] coll_han_bcast_low_module=0 (default)
[n2cn0815:1971658] coll_han_reduce_segsize=65536 (default)
[n2cn0815:1971658] coll_han_reduce_up_module=0 (default)
[n2cn0815:1971658] coll_han_reduce_low_module=0 (default)
[n2cn0815:1971658] coll_han_allreduce_segsize=65536 (default)
[n2cn0815:1971658] coll_han_allreduce_up_module=0 (default)
[n2cn0815:1971658] coll_han_allreduce_low_module=0 (default)
[n2cn0815:1971658] coll_han_allgather_up_module=0 (default)
[n2cn0815:1971658] coll_han_allgather_low_module=0 (default)
[n2cn0815:1971658] coll_han_gather_up_module=0 (default)
[n2cn0815:1971658] coll_han_gather_low_module=0 (default)
[n2cn0815:1971658] coll_han_scatter_up_module=0 (default)
[n2cn0815:1971658] coll_han_scatter_low_module=0 (default)
[n2cn0815:1971658] coll_han_reproducible=false (default)
[n2cn0815:1971658] coll_han_use_simple_allgather=false (default)
[n2cn0815:1971658] coll_han_use_simple_allreduce=false (default)
[n2cn0815:1971658] coll_han_use_simple_bcast=false (default)
[n2cn0815:1971658] coll_han_use_simple_gather=false (default)
[n2cn0815:1971658] coll_han_use_simple_reduce=false (default)
[n2cn0815:1971658] coll_han_use_simple_scatter=false (default)
[n2cn0815:1971658] coll_han_allgather_dynamic_intra_node_module=3 (default)
[n2cn0815:1971658] coll_han_allgather_dynamic_inter_node_module=1 (default)
[n2cn0815:1971658] coll_han_allgather_dynamic_global_communicator_module=6 (default)
[n2cn0815:1971658] coll_han_allgatherv_dynamic_intra_node_module=3 (default)
[n2cn0815:1971658] coll_han_allgatherv_dynamic_inter_node_module=1 (default)
[n2cn0815:1971658] coll_han_allgatherv_dynamic_global_communicator_module=6 (default)
[n2cn0815:1971658] coll_han_allreduce_dynamic_intra_node_module=3 (default)
[n2cn0815:1971658] coll_han_allreduce_dynamic_inter_node_module=1 (default)
[n2cn0815:1971658] coll_han_allreduce_dynamic_global_communicator_module=6 (default)
[n2cn0815:1971658] coll_han_barrier_dynamic_intra_node_module=3 (default)
[n2cn0815:1971658] coll_han_barrier_dynamic_inter_node_module=3 (default)
[n2cn0815:1971658] coll_han_barrier_dynamic_global_communicator_module=6 (default)
[n2cn0815:1971658] coll_han_bcast_dynamic_intra_node_module=3 (default)
[n2cn0815:1971658] coll_han_bcast_dynamic_inter_node_module=1 (default)
[n2cn0815:1971658] coll_han_bcast_dynamic_global_communicator_module=6 (default)
[n2cn0815:1971658] coll_han_gather_dynamic_intra_node_module=3 (default)
[n2cn0815:1971658] coll_han_gather_dynamic_inter_node_module=1 (default)
[n2cn0815:1971658] coll_han_gather_dynamic_global_communicator_module=6 (default)
[n2cn0815:1971658] coll_han_reduce_dynamic_intra_node_module=3 (default)
[n2cn0815:1971658] coll_han_reduce_dynamic_inter_node_module=1 (default)
[n2cn0815:1971658] coll_han_reduce_dynamic_global_communicator_module=6 (default)
[n2cn0815:1971658] coll_han_scatter_dynamic_intra_node_module=3 (default)
[n2cn0815:1971658] coll_han_scatter_dynamic_inter_node_module=1 (default)
[n2cn0815:1971658] coll_han_scatter_dynamic_global_communicator_module=6 (default)
[n2cn0815:1971658] coll_han_use_dynamic_file_rules=false (default)
[n2cn0815:1971658] coll_han_dynamic_rules_filename= (default)
[n2cn0815:1971658] coll_han_dump_dynamic_rules=false (default)
[n2cn0815:1971658] coll_han_max_dynamic_errors=10 (default)
[n2cn0815:1971658] coll_cuda_priority=78 (default)
[n2cn0815:1971658] coll_cuda_disable_cuda_coll=0 (default)
[n2cn0815:1971658] coll_inter_priority=40 (default)
[n2cn0815:1971658] coll_inter_verbose=0 (default)
[n2cn0815:1971658] coll_ucc_priority=10 (default)
[n2cn0815:1971658] coll_ucc_verbose=0 (default)
[n2cn0815:1971658] coll_ucc_enable=0 (default)
[n2cn0815:1971658] coll_ucc_np=2 (default)
[n2cn0815:1971658] coll_ucc_print_compiletime_version=1.0.0 (default)
[n2cn0815:1971658] coll_ucc_print_runtime_version= (default)
[n2cn0815:1971658] coll_ucc_cls=basic (default)
[n2cn0815:1971658] coll_ucc_cts=barrier,bcast,allreduce,alltoall,alltoallv,allgather,allgatherv,reduce,ibarrier,ibcast,iallreduce,ialltoall,ialltoallv,iallgather,iallgatherv,ireduce (default)
[n2cn0815:1971658] coll_sync_priority=50 (default)
[n2cn0815:1971658] coll_sync_barrier_before=0 (default)
[n2cn0815:1971658] coll_sync_barrier_after=0 (default)
[n2cn0815:1971658] coll_adapt_priority=0 (default)
[n2cn0815:1971658] coll_adapt_verbose=0 (default)
[n2cn0815:1971658] coll_adapt_context_free_list_min=64 (default)
[n2cn0815:1971658] coll_adapt_context_free_list_max=1024 (default)
[n2cn0815:1971658] coll_adapt_context_free_list_inc=32 (default)
[n2cn0815:1971658] coll_adapt_bcast_algorithm=1 (default)
[n2cn0815:1971658] coll_adapt_bcast_segment_size=0 (default)
[n2cn0815:1971658] coll_adapt_bcast_max_send_requests=2 (default)
[n2cn0815:1971658] coll_adapt_bcast_max_recv_requests=3 (default)
[n2cn0815:1971658] coll_adapt_bcast_synchronous_send=true (default)
[n2cn0815:1971658] coll_adapt_reduce_algorithm=1 (default)
[n2cn0815:1971658] coll_adapt_reduce_segment_size=163740 (default)
[n2cn0815:1971658] coll_adapt_reduce_max_send_requests=2 (default)
[n2cn0815:1971658] coll_adapt_reduce_max_recv_requests=3 (default)
[n2cn0815:1971658] coll_adapt_inbuf_free_list_min=10 (default)
[n2cn0815:1971658] coll_adapt_inbuf_free_list_max=10000 (default)
[n2cn0815:1971658] coll_adapt_inbuf_free_list_inc=10 (default)
[n2cn0815:1971658] coll_adapt_reduce_synchronous_send=true (default)
[n2cn0815:1971658] osc= (default)
[n2cn0815:1971658] osc_base_verbose=error (default)
[n2cn0815:1971658] osc_rdma_no_locks=false (default)
[n2cn0815:1971658] osc_rdma_acc_single_intrinsic=false (default)
[n2cn0815:1971658] osc_rdma_acc_use_amo=true (default)
[n2cn0815:1971658] osc_rdma_buffer_size=32768 (default)
[n2cn0815:1971658] osc_rdma_max_attach=64 (default)
[n2cn0815:1971658] osc_rdma_priority=101 (default)
[n2cn0815:1971658] osc_rdma_locking_mode=two_level (default)
[n2cn0815:1971658] osc_rdma_btls=openib,ugni,uct,ucp (default)
[n2cn0815:1971658] osc_rdma_mtls=psm2 (default)
[n2cn0815:1971658] osc_rdma_backing_directory=/dev/shm (default)
[n2cn0815:1971658] osc_rdma_network_max_amo=32 (default)
[n2cn0815:1971658] osc_pt2pt_no_locks=false (default)
[n2cn0815:1971658] osc_pt2pt_buffer_size=8192 (default)
[n2cn0815:1971658] osc_pt2pt_receive_count=4 (default)
[n2cn0815:1971658] osc_sm_backing_directory=/dev/shm (default)
[n2cn0815:1971658] osc_ucx_priority=60 (default)
[n2cn0815:1971658] osc_ucx_verbose=0 (default)
[n2cn0815:1971658] osc_ucx_progress_iterations=100 (default)
[n2cn0815:1971658] osc_ucx_opal_mem_hooks=true (default)
[n2cn0815:1971658] osc_ucx_tls=rc_verbs,ud_verbs,rc_mlx5,dc_mlx5,ud_mlx5,cuda_ipc,rocm_ipc (default)
[n2cn0815:1971658] osc_ucx_devices=mlx* (default)
----------------------------------------
Running benchmark OSU Allreduce with type Int8 on 16 MPI ranks

size (bytes),iterations,min_time (seconds),max_time (seconds),avg_time (seconds)
0,1048576,2.2034928035740192e-7,2.3514525508883346e-7,2.2609198838473265e-7
1,1048576,3.6477435941692687e-6,3.6500642824174642e-6,3.648796138525002e-6
2,1048576,3.58159654140525e-6,3.583927742004429e-6,3.5828049491048083e-6
4,1048576,3.5653676395420873e-6,3.567677949905036e-6,3.5666584045889746e-6
8,1048576,3.562978640555911e-6,3.5650098752987774e-6,3.5641074889306533e-6
16,1048576,1.5596275253295618e-5,1.560063338470521e-5,1.5599515329182502e-5
32,1048576,1.5578606260298026e-5,1.5582969343184077e-5,1.558185189777544e-5
64,1048576,1.5641378253938494e-5,1.5645477268215017e-5,1.5644389392853927e-5
128,1048576,1.563491183853295e-5,1.563901927280898e-5,1.563796201491243e-5
256,1048576,1.5639162027357653e-5,1.564302270030336e-5,1.564219578242316e-5
512,1048576,1.9690967058180113e-5,1.9707930358889137e-5,1.970551973617137e-5
1024,1048576,1.9397860505107427e-5,1.9404145223624148e-5,1.9402491851987688e-5
2048,524288,2.259957288933286e-5,2.2602168785084797e-5,2.2601285695319008e-5
4096,262144,2.4593270683303517e-5,2.4596761829379088e-5,2.459567284464189e-5
8192,131072,2.8942491722178283e-5,2.8948269393905832e-5,2.8946870719900834e-5
16384,65536,3.694841006468769e-5,3.695725108336656e-5,3.6955448828696676e-5
32768,32768,4.633097238166198e-5,4.633513687139507e-5,4.6334023729339166e-5
65536,16384,6.074879046625084e-5,6.07593625488196e-5,6.075507225417813e-5
131072,8192,0.00010075943701173123,0.00010076835766614778,0.00010076451741028274
262144,4096,0.00019305077026395695,0.0001930617290038586,0.0001930570419159225
524288,2048,0.00037737163427721543,0.00037739771386736953,0.00037738624108898337
1048576,1024,0.0007408253574215928,0.0007409415781248763,0.0007408832508544998
2097152,512,0.0014998006445328116,0.0015003432265624506,0.0015000849896238955
----------------------------------------
--------------------------------------------------------------------------
An ORTE daemon has unexpectedly failed after launch and before
communicating back to mpirun. This could be caused by a number
of factors, including an inability to create a connection back
to mpirun due to a lack of common network interfaces and/or no
route found between them. Please check network connectivity
(including firewalls and network routing requirements).
--------------------------------------------------------------------------
--------------------------------------------------------------------------
An ORTE daemon has unexpectedly failed after launch and before
communicating back to mpirun. This could be caused by a number
of factors, including an inability to create a connection back
to mpirun due to a lack of common network interfaces and/or no
route found between them. Please check network connectivity
(including firewalls and network routing requirements).
--------------------------------------------------------------------------
--------------------------------------------------------------------------
An ORTE daemon has unexpectedly failed after launch and before
communicating back to mpirun. This could be caused by a number
of factors, including an inability to create a connection back
to mpirun due to a lack of common network interfaces and/or no
route found between them. Please check network connectivity
(including firewalls and network routing requirements).
--------------------------------------------------------------------------
--------------------------------------------------------------------------
An ORTE daemon has unexpectedly failed after launch and before
communicating back to mpirun. This could be caused by a number
of factors, including an inability to create a connection back
to mpirun due to a lack of common network interfaces and/or no
route found between them. Please check network connectivity
(including firewalls and network routing requirements).
--------------------------------------------------------------------------
--------------------------------------------------------------------------
An ORTE daemon has unexpectedly failed after launch and before
communicating back to mpirun. This could be caused by a number
of factors, including an inability to create a connection back
to mpirun due to a lack of common network interfaces and/or no
route found between them. Please check network connectivity
(including firewalls and network routing requirements).
--------------------------------------------------------------------------
mpi/OpenMPI/4.1.1-GCC-11.2.0
Running "module reset". Resetting modules to system default. The following $MODULEPATH directories have been removed: None
-------------------------------------------------------------------------------
The following dependent module(s) are not currently loaded: compiler/GCC/11.3.0 (required by: numlib/OpenBLAS/0.3.20-GCC-11.3.0, lib/FlexiBLAS/3.2.0-GCC-11.3.0, numlib/FFTW/3.3.10-GCC-11.3.0, toolchain/gompi/2022a, toolchain/foss/2022a), compiler/GCCcore/11.3.0 (required by: lib/GDRCopy/2.3-GCCcore-11.3.0, lib/UCX-CUDA/1.12.1-GCCcore-11.3.0-CUDA-11.7.0), lib/UCX/1.12.1-GCCcore-11.3.0 (required by: lib/UCX-CUDA/1.12.1-GCCcore-11.3.0-CUDA-11.7.0), lib/zlib/1.2.12-GCCcore-11.3.0 (required by: lib/UCX-CUDA/1.12.1-GCCcore-11.3.0-CUDA-11.7.0), mpi/OpenMPI/4.1.4-GCC-11.3.0 (required by: toolchain/gompi/2022a, toolchain/foss/2022a)
-------------------------------------------------------------------------------

The following have been reloaded with a version change:
  1) compiler/GCC/11.3.0 => compiler/GCC/11.2.0
  2) compiler/GCCcore/11.3.0 => compiler/GCCcore/11.2.0
  3) lib/PMIx/4.1.2-GCCcore-11.3.0 => lib/PMIx/4.1.0-GCCcore-11.2.0
  4) lib/UCX/1.12.1-GCCcore-11.3.0 => lib/UCX/1.11.2-GCCcore-11.2.0
  5) lib/libevent/2.1.12-GCCcore-11.3.0 => lib/libevent/2.1.12-GCCcore-11.2.0
  6) lib/libfabric/1.15.1-GCCcore-11.3.0 => lib/libfabric/1.13.2-GCCcore-11.2.0
  7) lib/libxml2/2.9.13-GCCcore-11.3.0 => lib/libxml2/2.9.10-GCCcore-11.2.0
  8) lib/zlib/1.2.12-GCCcore-11.3.0 => lib/zlib/1.2.11-GCCcore-11.2.0
  9) mpi/OpenMPI/4.1.4-GCC-11.3.0 => mpi/OpenMPI/4.1.1-GCC-11.2.0
 10) system/hwloc/2.7.1-GCCcore-11.3.0 => system/hwloc/2.5.0-GCCcore-11.2.0
 11) system/libpciaccess/0.16-GCCcore-11.3.0 => system/libpciaccess/0.16-GCCcore-11.2.0
 12) tools/XZ/5.2.5-GCCcore-11.3.0 => tools/XZ/5.2.5-GCCcore-11.2.0
 13) tools/binutils/2.38-GCCcore-11.3.0 => tools/binutils/2.37-GCCcore-11.2.0
 14) tools/numactl/2.0.14-GCCcore-11.3.0 => tools/numactl/2.0.14-GCCcore-11.2.0

slurmstepd: error: *** JOB 2983541 ON n2cn0815 CANCELLED AT 2023-02-16T11:16:55 ***
